[0] DANGER! --> git reset HEAD~ --hard <--- everything was lost :-(

[1] npx create-react-app . --template typescript
[2] npm run start

[3] npm install react-router-dom

[4] npm install --save-dev sass 

git init
git add README.md
git commit -m "first commit"
git add .
git remote add origin https://github.com/tom4f/meteo.git

$ git push -u origin master
To https://github.com/tom4f/meteo.git
 ! [rejected]        master -> master (fetch first)
error: failed to push some refs to 'https://github.com/tom4f/meteo.git'
hint: Updates were rejected because the remote contains work that you do
hint: not have locally. This is usually caused by another repository pushing
hint: to the same ref. You may want to first integrate the remote changes
hint: (e.g., 'git pull ...') before pushing again.
hint: See the 'Note about fast-forwards' in 'git push --help' for details.

git branch -M main
git push -u origin main


[5] React Router